{
  "RSpec": {
    "coverage": {
      "/Users/samworrall/Desktop/Projects/week10/bank-tech-test/spec/account_spec.rb": [
        1,
        null,
        1,
        13,
        13,
        1,
        12,
        null,
        null,
        null,
        null,
        null,
        null,
        1,
        1,
        1,
        null,
        null,
        1,
        1,
        null,
        null,
        null,
        1,
        1,
        1,
        null,
        null,
        1,
        4,
        null,
        null,
        1,
        1,
        1,
        null,
        null,
        1,
        1,
        2,
        null,
        null,
        null,
        1,
        1,
        1,
        null,
        null,
        1,
        1,
        1,
        4,
        null,
        null,
        1,
        1,
        1,
        1,
        null,
        null,
        1,
        2,
        null,
        null,
        1,
        1,
        2,
        null,
        null,
        null,
        1,
        1,
        1,
        1,
        2,
        null,
        null,
        null,
        null,
        null,
        null,
        null,
        null,
        null
      ],
      "/Users/samworrall/Desktop/Projects/week10/bank-tech-test/lib/account.rb": [
        1,
        1,
        1,
        1,
        1,
        1,
        null,
        1,
        17,
        17,
        17,
        null,
        null,
        1,
        12,
        10,
        10,
        null,
        null,
        1,
        9,
        7,
        5,
        5,
        null,
        null,
        1,
        2,
        null,
        null
      ],
      "/Users/samworrall/Desktop/Projects/week10/bank-tech-test/lib/transaction_log.rb": [
        1,
        1,
        null,
        1,
        10,
        null,
        null,
        1,
        7,
        null,
        null,
        null,
        null,
        null
      ],
      "/Users/samworrall/Desktop/Projects/week10/bank-tech-test/spec/feature_spec.rb": [
        1,
        1,
        1,
        null,
        1,
        null,
        1,
        1,
        1,
        1,
        1,
        1,
        2,
        null,
        null,
        null,
        null,
        null,
        null,
        null,
        null,
        null,
        1,
        1,
        1,
        2,
        null,
        null,
        null,
        null,
        1,
        1,
        1,
        2,
        null,
        null,
        null,
        null,
        1,
        1,
        1,
        2,
        null,
        null,
        null,
        null,
        1,
        1,
        4,
        null,
        null
      ],
      "/Users/samworrall/Desktop/Projects/week10/bank-tech-test/lib/printer.rb": [
        1,
        1,
        2,
        2,
        5,
        null,
        2,
        null,
        null
      ],
      "/Users/samworrall/Desktop/Projects/week10/bank-tech-test/spec/printer_spec.rb": [
        1,
        null,
        1,
        1,
        1,
        null,
        null,
        1,
        1,
        1,
        null,
        null,
        1,
        2,
        null,
        null,
        null,
        null,
        null,
        null,
        null,
        null,
        null
      ],
      "/Users/samworrall/Desktop/Projects/week10/bank-tech-test/spec/transaction_log_spec.rb": [
        1,
        null,
        1,
        4,
        1,
        1,
        1,
        null,
        null,
        null,
        1,
        1,
        1,
        null,
        null,
        1,
        4,
        null,
        null,
        1,
        1,
        1,
        null,
        null,
        null,
        null,
        1,
        1,
        1,
        null,
        null,
        null,
        null,
        null
      ]
    },
    "timestamp": 1529513680
  }
}
