{
  "RSpec": {
    "coverage": {
      "/Users/samworrall/Desktop/Projects/week10/bank-tech-test/spec/account_spec.rb": [
        1,
        1,
        null,
        1,
        9,
        9,
        9,
        null,
        1,
        1,
        1,
        null,
        null,
        1,
        1,
        null,
        null,
        null,
        1,
        1,
        1,
        1,
        null,
        null,
        1,
        1,
        1,
        null,
        null,
        null,
        1,
        1,
        1,
        1,
        1,
        null,
        null,
        1,
        1,
        1,
        1,
        null,
        null,
        1,
        2,
        null,
        null,
        null,
        1,
        1,
        1,
        1,
        1,
        null,
        null,
        null
      ],
      "/Users/samworrall/Desktop/Projects/week10/bank-tech-test/lib/account.rb": [
        1,
        1,
        1,
        null,
        1,
        8,
        8,
        null,
        null,
        1,
        5,
        5,
        null,
        null,
        1,
        4,
        3,
        3,
        null,
        null,
        1,
        1,
        null,
        null
      ],
      "/Users/samworrall/Desktop/Projects/week10/bank-tech-test/lib/transaction.rb": [
        1,
        1,
        null,
        1,
        4,
        null,
        null,
        1,
        4,
        null,
        null,
        null,
        null,
        null,
        1,
        1,
        1,
        2,
        null,
        1,
        null,
        null
      ],
      "/Users/samworrall/Desktop/Projects/week10/bank-tech-test/spec/transaction_spec.rb": [
        1,
        null,
        1,
        1,
        1,
        1,
        null,
        null,
        null,
        1,
        1,
        1,
        1,
        null,
        null,
        null,
        null,
        1,
        1,
        1,
        null,
        null,
        null,
        null,
        null,
        1,
        1,
        1,
        1,
        1,
        null,
        null,
        null
      ]
    },
    "timestamp": 1529333608
  }
}
